Arguments: 
  C:\Program Files\nodejs\node.exe C:\Users\Code Smart\AppData\Roaming\npm\node_modules\yarn\bin\yarn.js install

PATH: 
  C:\Users\Code Smart\bin;C:\Program Files\Git\mingw64\bin;C:\Program Files\Git\usr\local\bin;C:\Program Files\Git\usr\bin;C:\Program Files\Git\usr\bin;C:\Program Files\Git\mingw64\bin;C:\Program Files\Git\usr\bin;C:\Users\Code Smart\bin;C:\Python310\Scripts;C:\Python310;C:\Windows\system32;C:\Windows;C:\Windows\System32\Wbem;C:\Windows\System32\WindowsPowerShell\v1.0;C:\Windows\System32\OpenSSH;C:\Program Files\nodejs;C:\ProgramData\chocolatey\bin;C:\Program Files\Git\cmd;C:\Users\Code Smart\AppData\Local\Microsoft\WindowsApps;C:\Users\Code Smart\AppData\Roaming\npm;C:\Users\Code Smart\AppData\Local\Programs\Microsoft VS Code\bin;C:\Users\Code Smart\AppData\Local\GitHubDesktop\bin;C:\Program Files\Git\usr\bin\vendor_perl;C:\Program Files\Git\usr\bin\core_perl

Yarn version: 
  1.22.17

Node version: 
  16.12.0

Platform: 
  win32 x64

Trace: 
  Error: Client network socket disconnected before secure TLS connection was established
      at connResetException (node:internal/errors:691:14)
      at TLSSocket.onConnectEnd (node:_tls_wrap:1585:19)
      at TLSSocket.emit (node:events:402:35)
      at endReadableNT (node:internal/streams/readable:1343:12)
      at processTicksAndRejections (node:internal/process/task_queues:83:21)

npm manifest: 
  {
    "name": "linksdaily",
    "version": "1.0.0",
    "main": "node_modules/expo/AppEntry.js",
    "scripts": {
      "start": "expo start",
      "android": "expo start --android",
      "ios": "expo start --ios",
      "web": "expo start --web",
      "eject": "expo eject"
    },
    "dependencies": {
      "@kaloraat/react-native-text": "^1.0.4",
      "@react-native-async-storage/async-storage": "^1.15.17",
      "@react-navigation/native": "^6.0.8",
      "@react-navigation/native-stack": "^6.4.1",
      "@uehreka/open-graph-scraper-react-native": "^1.1.0",
      "axios": "^0.25.0",
      "buffer": "^6.0.3",
      "cloudinary": "^1.28.1",
      "dayjs": "^1.10.7",
      "expo": "~44.0.0",
      "expo-image-picker": "~12.0.1",
      "expo-status-bar": "~1.2.0",
      "react": "17.0.1",
      "react-dom": "17.0.1",
      "react-native": "0.64.3",
      "react-native-elements": "^3.4.2",
      "react-native-keyboard-aware-scroll-view": "^0.9.5",
      "react-native-safe-area-context": "^3.3.2",
      "react-native-screens": "^3.10.2",
      "react-native-vector-icons": "^9.0.0",
      "react-native-web": "0.17.1",
      "react-native-webview": "^11.17.1",
      "url-regex": "^5.0.0"
    },
    "devDependencies": {
      "@babel/core": "^7.12.9"
    },
    "private": true
  }

yarn manifest: 
  No manifest

Lockfile: 
  No lockfile
